HololiveApp/app/build/intermediates/manifest_merge_blame_file/debug/manifest-merger-blame-debug-report.txt
1<?xml version="1.0" encoding="utf-8"?>
2<manifest xmlns:android="http://schemas.android.com/apk/res/android"
3    package="com.example.hololiveapp"
4    android:versionCode="1"
5    android:versionName="1.0" >
6
7    <uses-sdk
8        android:minSdkVersion="23"
8-->src\main\AndroidManifest.xml
9        android:targetSdkVersion="30" />
9-->src\main\AndroidManifest.xml
10
11    <uses-permission android:name="android.permission.INTERNET" />
11-->src\main\AndroidManifest.xml:5:5-66
11-->src\main\AndroidManifest.xml:5:22-64
12    <uses-permission android:name="android.permission.ACCESS_NETWORK_STATE" />
12-->src\main\AndroidManifest.xml:6:5-78
12-->src\main\AndroidManifest.xml:6:22-76
13    <uses-permission android:name="android.permission.ACCESS_WIFI_STATE" />
13-->src\main\AndroidManifest.xml:7:5-75
13-->src\main\AndroidManifest.xml:7:22-73
14
15    <application
15-->src\main\AndroidManifest.xml:9:5-35:19
16        android:allowBackup="true"
16-->src\main\AndroidManifest.xml:10:13-39
17        android:appComponentFactory="androidx.core.app.CoreComponentFactory"
17-->[androidx.core:core:1.3.1] AndroidManifest.xml:24:18-86
18        android:debuggable="true"
19        android:extractNativeLibs="false"
20        android:icon="@mipmap/ic_launcher"
20-->src\main\AndroidManifest.xml:11:13-47
21        android:label="@string/app_name"
21-->src\main\AndroidManifest.xml:12:13-45
22        android:roundIcon="@mipmap/ic_launcher_round"
22-->src\main\AndroidManifest.xml:13:13-58
23        android:supportsRtl="true"
23-->src\main\AndroidManifest.xml:14:13-39
24        android:testOnly="true"
25        android:theme="@style/AppTheme"
25-->src\main\AndroidManifest.xml:15:13-44
26        android:usesCleartextTraffic="true" >
26-->src\main\AndroidManifest.xml:16:13-48
27        <activity android:name="com.example.hololiveapp.VtuberLibraryActivity" >
27-->src\main\AndroidManifest.xml:17:9-18:20
27-->src\main\AndroidManifest.xml:17:19-56
28        </activity>
29        <activity
29-->src\main\AndroidManifest.xml:19:9-27:20
30            android:name="com.example.hololiveapp.SplashActivity"
30-->src\main\AndroidManifest.xml:20:17-47
31            android:theme="@style/SplashTheme" >
31-->src\main\AndroidManifest.xml:21:17-51
32            <intent-filter>
32-->src\main\AndroidManifest.xml:22:13-26:29
33                <action android:name="android.intent.action.MAIN" />
33-->src\main\AndroidManifest.xml:23:17-68
33-->src\main\AndroidManifest.xml:23:25-66
34
35                <category android:name="android.intent.category.LAUNCHER" />
35-->src\main\AndroidManifest.xml:25:17-76
35-->src\main\AndroidManifest.xml:25:27-74
36            </intent-filter>
37        </activity>
38        <activity android:name="com.example.hololiveapp.MainActivity" >
38-->src\main\AndroidManifest.xml:28:9-29:20
38-->src\main\AndroidManifest.xml:28:19-47
39        </activity>
40        <activity android:name="com.example.hololiveapp.MediaActivity" />
40-->src\main\AndroidManifest.xml:30:9-50
40-->src\main\AndroidManifest.xml:30:19-48
41
42        <meta-data
42-->src\main\AndroidManifest.xml:32:9-34:60
43            android:name="preloaded_fonts"
43-->src\main\AndroidManifest.xml:33:17-47
44            android:resource="@array/preloaded_fonts" />
44-->src\main\AndroidManifest.xml:34:17-58
45    </application>
46
47</manifest>